<?xml version="1.0" encoding="UTF-8"?>
<!-- Generated by org.testng.reporters.JUnitXMLReporter -->
<testsuite ignored="0" hostname="T0012346b1" failures="1" tests="4" name="Test1" time="48.403" errors="0" timestamp="2026-02-23T14:22:24 IST">
  <testcase classname="SeleniumFrameworkDesign.Test.Testapp" name="errorhanding" time="0.778">
    <skipped/>
  </testcase> <!-- errorhanding -->
  <testcase classname="SeleniumFrameworkDesign.Test.Testapp" name="errorhanding" time="0.568">
    <failure type="java.lang.AssertionError" message="expected [Incorrect email or passwor] but found []">
      <![CDATA[java.lang.AssertionError: expected [Incorrect email or passwor] but found []
at SeleniumFrameworkDesign.Test.Testapp.errorhanding(Testapp.java:63)
at java.base/java.util.ArrayList.forEach(ArrayList.java:1596)
... Removed 31 stack frames]]>
    </failure>
  </testcase> <!-- errorhanding -->
  <testcase classname="SeleniumFrameworkDesign.Test.Testapp" name="submitorder" time="9.595"/>
  <testcase classname="SeleniumFrameworkDesign.Test.Testapp" name="submitorder" time="6.105"/>
</testsuite> <!-- Test1 -->
