<?xml version="1.0" encoding="UTF-8"?>
<testng-results ignored="0" total="1" passed="1" failed="0" skipped="0">
  <reporter-output>
  </reporter-output>
  <suite started-at="2026-02-23T14:24:21 IST" name="Default suite" finished-at="2026-02-23T14:24:54 IST" duration-ms="33658">
    <groups>
      <group name="cucumber">
        <method signature="AbstractTestNGCucumberTests.runScenario(io.cucumber.testng.PickleWrapper,io.cucumber.testng.FeatureWrapper)[pri:0, instance:cucumber.TestngcucumberTestRunner@45c7e403]" name="runScenario" class="io.cucumber.testng.AbstractTestNGCucumberTests"/>
      </group> <!-- cucumber -->
    </groups>
    <test started-at="2026-02-23T14:24:21 IST" name="Default test" finished-at="2026-02-23T14:24:54 IST" duration-ms="33658">
      <class name="cucumber.TestngcucumberTestRunner">
        <test-method is-config="true" signature="setUpClass(org.testng.ITestContext)[pri:0, instance:cucumber.TestngcucumberTestRunner@45c7e403]" started-at="2026-02-23T14:24:21 IST" name="setUpClass" finished-at="2026-02-23T14:24:21 IST" duration-ms="267" status="PASS">
          <params>
            <param index="0">
              <value>
                <![CDATA[org.testng.TestRunner@5fbdc49b]]>
              </value>
            </param>
          </params>
          <reporter-output>
          </reporter-output>
        </test-method> <!-- setUpClass -->
        <test-method signature="runScenario(io.cucumber.testng.PickleWrapper,io.cucumber.testng.FeatureWrapper)[pri:0, instance:cucumber.TestngcucumberTestRunner@45c7e403]" started-at="2026-02-23T14:24:21 IST" name="runScenario" description="Runs Cucumber Scenarios" data-provider="scenarios" finished-at="2026-02-23T14:24:54 IST" duration-ms="33357" status="PASS">
          <params>
            <param index="0">
              <value>
                <![CDATA["Get product from e commerce app"]]>
              </value>
            </param>
            <param index="1">
              <value>
                <![CDATA["Purchase Order"]]>
              </value>
            </param>
          </params>
          <reporter-output>
          </reporter-output>
        </test-method> <!-- runScenario -->
        <test-method is-config="true" signature="tearDownClass()[pri:0, instance:cucumber.TestngcucumberTestRunner@45c7e403]" started-at="2026-02-23T14:24:54 IST" name="tearDownClass" finished-at="2026-02-23T14:24:54 IST" duration-ms="16" status="PASS">
          <reporter-output>
          </reporter-output>
        </test-method> <!-- tearDownClass -->
      </class> <!-- cucumber.TestngcucumberTestRunner -->
    </test> <!-- Default test -->
  </suite> <!-- Default suite -->
</testng-results>
